TN:
SF:script/NXD.s.sol
FN:27,NXDScript.setUp
FNDA:0,NXDScript.setUp
FN:29,NXDScript.run
FNDA:0,NXDScript.run
DA:30,0
DA:31,0
DA:32,0
DA:33,0
DA:35,0
DA:36,0
DA:38,0
DA:40,0
DA:49,0
DA:50,0
DA:52,0
DA:54,0
DA:57,0
DA:58,0
DA:59,0
DA:61,0
DA:62,0
DA:63,0
DA:64,0
DA:65,0
FNF:2
FNH:0
LF:20
LH:0
BRF:0
BRH:0
end_of_record
TN:
SF:src/NXDERC20.sol
FN:116,NXDERC20.setUniswapV2Pair
FNDA:258,NXDERC20.setUniswapV2Pair
DA:117,258
BRDA:117,0,0,1
BRDA:117,0,1,257
DA:118,1
DA:120,257
DA:121,257
DA:122,257
DA:124,257
FN:127,NXDERC20.setV2Oracle
FNDA:258,NXDERC20.setV2Oracle
DA:128,258
BRDA:128,1,0,1
BRDA:128,1,1,257
DA:129,1
DA:131,257
FN:138,NXDERC20.removePairTokens
FNDA:3,NXDERC20.removePairTokens
DA:140,2
BRDA:140,2,0,1
BRDA:140,2,1,1
DA:141,1
DA:144,1
FN:152,NXDERC20.signalRoguePair
FNDA:4,NXDERC20.signalRoguePair
DA:153,4
DA:156,4
BRDA:156,3,0,1
BRDA:156,3,1,3
DA:157,1
DA:159,3
BRDA:159,4,0,1
BRDA:159,4,1,2
DA:160,1
DA:162,2
BRDA:162,5,0,1
BRDA:162,5,1,1
DA:163,1
DA:166,1
FN:169,NXDERC20.updateTaxWhitelist
FNDA:259,NXDERC20.updateTaxWhitelist
DA:171,259
BRDA:171,6,0,1
BRDA:171,6,1,258
DA:172,1
DA:174,258
FN:177,NXDERC20._updateTaxWhitelist
FNDA:515,NXDERC20._updateTaxWhitelist
DA:178,515
FN:184,NXDERC20.name
FNDA:1,NXDERC20.name
DA:185,1
FN:192,NXDERC20.symbol
FNDA:1,NXDERC20.symbol
DA:193,1
FN:209,NXDERC20.decimals
FNDA:1,NXDERC20.decimals
DA:210,1
FN:216,NXDERC20.totalSupply
FNDA:971,NXDERC20.totalSupply
DA:217,1917
FN:223,NXDERC20.balanceOf
FNDA:7780,NXDERC20.balanceOf
DA:224,7780
FN:230,NXDERC20.allowance
FNDA:0,NXDERC20.allowance
DA:231,2472
FN:244,NXDERC20.approve
FNDA:1954,NXDERC20.approve
DA:245,1954
DA:246,1954
DA:247,1954
FN:258,NXDERC20._mint
FNDA:946,NXDERC20._mint
DA:259,946
BRDA:259,7,0,-
BRDA:259,7,1,946
DA:260,0
DA:262,946
FN:272,NXDERC20._update
FNDA:946,NXDERC20._update
DA:273,946
BRDA:273,8,0,946
BRDA:273,8,1,-
DA:275,946
DA:277,0
DA:278,0
BRDA:278,9,0,-
BRDA:278,9,1,-
DA:279,0
DA:283,0
DA:287,946
BRDA:287,10,0,-
BRDA:287,10,1,946
DA:290,0
DA:295,946
DA:299,946
FN:317,NXDERC20._approve
FNDA:2472,NXDERC20._approve
DA:318,2472
FN:338,NXDERC20._approve
FNDA:4943,NXDERC20._approve
DA:339,4943
BRDA:339,11,0,-
BRDA:339,11,1,4943
DA:340,0
DA:342,4943
BRDA:342,12,0,-
BRDA:342,12,1,4943
DA:343,0
DA:345,4943
DA:346,4943
BRDA:346,13,0,2472
BRDA:346,13,1,4943
DA:347,2472
FN:359,NXDERC20._spendAllowance
FNDA:2472,NXDERC20._spendAllowance
DA:360,2472
DA:361,2472
BRDA:361,14,0,-
BRDA:361,14,1,2471
DA:362,2471
BRDA:362,15,0,-
BRDA:362,15,1,2471
DA:363,0
DA:366,2471
FN:371,NXDERC20.mint
FNDA:947,NXDERC20.mint
DA:372,947
BRDA:372,16,0,1
BRDA:372,16,1,946
DA:373,1
DA:375,946
BRDA:375,17,0,-
BRDA:375,17,1,946
DA:376,0
DA:378,946
FN:394,NXDERC20.getAmountsAfterTax
FNDA:259,NXDERC20.getAmountsAfterTax
DA:395,3117
BRDA:395,18,0,2340
BRDA:395,18,1,777
DA:396,2340
DA:399,777
DA:401,777
DA:402,777
FN:410,NXDERC20.sync
FNDA:1,NXDERC20.sync
DA:411,2323
DA:412,2323
DA:413,2323
DA:415,2323
DA:416,2323
DA:422,2323
DA:424,2323
DA:425,2323
FN:428,NXDERC20._transfer
FNDA:3115,NXDERC20._transfer
DA:429,3115
BRDA:429,19,0,-
BRDA:429,19,1,3115
DA:430,0
DA:432,3115
BRDA:432,20,0,-
BRDA:432,20,1,3115
DA:433,0
DA:436,3115
BRDA:436,21,0,257
BRDA:436,21,1,258
DA:438,515
DA:439,515
DA:440,515
BRDA:440,22,0,257
BRDA:440,22,1,258
DA:441,257
DA:444,2858
BRDA:444,23,0,1550
BRDA:444,23,1,2858
DA:445,1550
DA:447,1550
DA:450,2858
BRDA:450,24,0,-
BRDA:450,24,1,2858
DA:451,0
DA:454,2858
DA:455,2858
DA:456,2858
DA:457,2858
DA:458,2858
BRDA:458,25,0,-
BRDA:458,25,1,518
DA:463,518
DA:464,518
DA:465,518
DA:466,518
DA:469,518
DA:470,518
DA:471,518
BRDA:471,26,0,-
BRDA:471,26,1,-
DA:472,0
DA:474,518
DA:476,518
DA:479,518
DA:483,518
DA:486,518
DA:487,518
DA:489,518
DA:490,518
DA:491,518
DA:493,518
DA:496,518
DA:499,518
DA:500,518
DA:502,2858
DA:503,2858
FN:506,NXDERC20.transfer
FNDA:641,NXDERC20.transfer
DA:507,641
DA:508,384
FN:511,NXDERC20.transferFrom
FNDA:2472,NXDERC20.transferFrom
DA:512,2472
DA:513,2472
DA:514,2472
FNF:24
FNH:23
LF:124
LH:110
BRF:54
BRH:38
end_of_record
TN:
SF:src/NXDProtocol.sol
FN:106,NXDProtocol.createPool
FNDA:258,NXDProtocol.createPool
DA:110,258
BRDA:110,0,0,-
BRDA:110,0,1,258
DA:111,0
DA:113,258
BRDA:113,1,0,1
BRDA:113,1,1,257
DA:114,1
DA:116,257
DA:117,257
DA:119,257
DA:120,257
DA:122,257
DA:125,257
DA:127,257
DA:128,257
DA:129,257
FN:135,NXDProtocol.currentRate
FNDA:516,NXDProtocol.currentRate
DA:136,1463
DA:137,1463
FN:143,NXDProtocol.ourClaimableFees
FNDA:4,NXDProtocol.ourClaimableFees
DA:144,2134
FN:153,NXDProtocol.getReferralBonuses
FNDA:1,NXDProtocol.getReferralBonuses
DA:154,9
DA:155,9
FN:164,NXDProtocol.deposit
FNDA:950,NXDProtocol.deposit
DA:165,950
BRDA:165,2,0,1
BRDA:165,2,1,949
DA:166,1
DA:169,949
BRDA:169,3,0,1
BRDA:169,3,1,948
DA:170,1
DA:172,948
BRDA:172,4,0,1
BRDA:172,4,1,947
DA:173,1
DA:175,947
DA:176,947
DA:177,947
DA:178,947
DA:179,947
DA:181,947
BRDA:181,5,0,1
BRDA:181,5,1,946
DA:182,1
DA:186,946
BRDA:186,6,0,7
BRDA:186,6,1,946
DA:189,7
DA:193,946
BRDA:193,7,0,-
BRDA:193,7,1,1
DA:195,3
DA:196,3
BRDA:196,8,0,2
BRDA:196,8,1,1
DA:197,2
DA:202,1
DA:208,1
DA:210,1
DA:211,1
DA:212,1
DA:213,1
DA:214,1
DA:215,1
DA:220,944
DA:221,944
DA:223,944
DA:225,944
DA:227,944
DA:228,944
DA:230,944
FN:237,NXDProtocol.depositNoMint
FNDA:520,NXDProtocol.depositNoMint
DA:238,520
DA:239,520
DA:240,520
DA:241,520
FN:248,NXDProtocol._transferFromAndStake
FNDA:1464,NXDProtocol._transferFromAndStake
DA:249,1464
DA:250,1464
DA:251,1464
FN:258,NXDProtocol.setReferralCode
FNDA:23,NXDProtocol.setReferralCode
DA:259,23
BRDA:259,9,0,1
BRDA:259,9,1,22
DA:260,1
DA:262,22
BRDA:262,10,0,1
BRDA:262,10,1,21
DA:263,1
DA:265,21
DA:267,21
FN:274,NXDProtocol.collectFees
FNDA:666,NXDProtocol.collectFees
DA:275,2130
BRDA:275,11,0,-
BRDA:275,11,1,1
DA:277,1
FN:284,NXDProtocol.withdrawReferralRewards
FNDA:5,NXDProtocol.withdrawReferralRewards
DA:285,5
BRDA:285,12,0,2
BRDA:285,12,1,3
DA:286,2
DA:288,3
DA:289,3
BRDA:289,13,0,1
BRDA:289,13,1,2
DA:290,1
DA:292,2
DA:293,2
DA:294,2
DA:295,2
FN:301,NXDProtocol.stakeOurDXN
FNDA:666,NXDProtocol.stakeOurDXN
DA:302,2130
DA:303,2130
BRDA:303,14,0,-
BRDA:303,14,1,1
DA:304,1
DA:305,1
DA:306,1
FNF:11
FNH:11
LF:81
LH:80
BRF:30
BRH:26
end_of_record
TN:
SF:src/NXDStakingVault.sol
FN:110,NXDStakingVault._add
FNDA:0,NXDStakingVault._add
DA:111,0
BRDA:111,0,0,-
BRDA:111,0,1,-
DA:112,0
DA:115,0
DA:116,0
DA:117,0
BRDA:117,1,0,-
BRDA:117,1,1,-
DA:118,0
DA:122,0
DA:124,0
DA:126,0
DA:127,0
DA:128,0
DA:129,0
DA:131,0
DA:133,0
FN:137,NXDStakingVault.pendingETH
FNDA:262,NXDStakingVault.pendingETH
DA:138,928
DA:139,928
DA:140,928
DA:142,928
FN:146,NXDStakingVault.massUpdatePools
FNDA:260,NXDStakingVault.massUpdatePools
DA:147,926
DA:148,926
DA:149,926
DA:150,926
DA:151,926
DA:152,926
DA:155,926
FN:158,NXDStakingVault.addPendingRewards
FNDA:259,NXDStakingVault.addPendingRewards
DA:159,399
DA:160,399
DA:161,399
DA:162,399
DA:164,399
BRDA:164,2,0,388
BRDA:164,2,1,399
DA:165,388
DA:166,388
DA:167,388
FN:172,NXDStakingVault.updatePool
FNDA:926,NXDStakingVault.updatePool
DA:173,926
DA:174,926
DA:176,926
DA:177,926
BRDA:177,3,0,309
BRDA:177,3,1,617
DA:179,309
DA:181,617
DA:182,617
DA:185,617
DA:186,617
DA:187,617
FN:191,NXDStakingVault.deposit
FNDA:405,NXDStakingVault.deposit
DA:192,405
DA:193,405
DA:195,405
DA:197,405
DA:201,405
DA:205,405
BRDA:205,4,0,405
BRDA:205,4,1,405
DA:206,405
DA:207,405
DA:210,405
DA:211,405
FN:218,NXDStakingVault.depositFor
FNDA:1,NXDStakingVault.depositFor
DA:219,1
DA:220,1
DA:222,1
DA:226,1
DA:228,1
BRDA:228,5,0,1
BRDA:228,5,1,1
DA:229,1
DA:230,1
DA:233,1
DA:236,1
FN:240,NXDStakingVault.withdraw
FNDA:261,NXDStakingVault.withdraw
DA:241,261
FN:245,NXDStakingVault._withdraw
FNDA:261,NXDStakingVault._withdraw
DA:246,261
DA:247,261
BRDA:247,6,0,-
BRDA:247,6,1,261
DA:248,0
DA:250,261
DA:251,261
BRDA:251,7,0,1
BRDA:251,7,1,260
DA:252,1
DA:254,260
DA:256,260
DA:257,260
DA:259,260
DA:261,260
BRDA:261,8,0,-
BRDA:261,8,1,1
DA:263,3
DA:265,3
BRDA:265,9,0,1
BRDA:265,9,1,2
DA:266,1
DA:269,2
BRDA:269,10,0,2
BRDA:269,10,1,-
DA:270,2
DA:271,2
DA:272,2
DA:273,2
DA:274,2
DA:276,0
DA:282,1
DA:285,1
BRDA:285,11,0,-
BRDA:285,11,1,1
DA:286,1
DA:289,258
DA:291,258
FN:298,NXDStakingVault.withdrawCooldown
FNDA:3,NXDStakingVault.withdrawCooldown
DA:299,3
DA:300,3
DA:301,3
BRDA:301,12,0,1
BRDA:301,12,1,2
DA:302,1
DA:304,2
BRDA:304,13,0,1
BRDA:304,13,1,1
DA:305,1
DA:307,1
DA:308,1
DA:309,1
DA:311,1
DA:313,1
FN:316,NXDStakingVault.updateAndPayOutPending
FNDA:666,NXDStakingVault.updateAndPayOutPending
DA:317,666
DA:319,666
BRDA:319,14,0,242
BRDA:319,14,1,666
DA:320,242
DA:322,666
DA:323,666
FN:328,NXDStakingVault.emergencyWithdraw
FNDA:1,NXDStakingVault.emergencyWithdraw
DA:329,1
DA:330,1
BRDA:330,15,0,-
BRDA:330,15,1,1
DA:331,0
DA:333,1
DA:334,1
DA:335,1
DA:336,1
DA:337,1
FN:342,NXDStakingVault.safeETHTransfer
FNDA:242,NXDStakingVault.safeETHTransfer
DA:343,242
DA:344,242
DA:345,242
DA:346,242
BRDA:346,16,0,-
BRDA:346,16,1,242
DA:347,0
DA:349,242
DA:350,242
FNF:13
FNH:12
LF:120
LH:102
BRF:34
BRH:24
end_of_record
TN:
SF:src/TaxRecipient.sol
FN:23,TaxRecipient.setUniswapV2Pair
FNDA:258,TaxRecipient.setUniswapV2Pair
DA:24,258
BRDA:24,0,0,1
BRDA:24,0,1,257
DA:25,1
DA:27,257
FN:33,TaxRecipient.handleTax
FNDA:519,TaxRecipient.handleTax
DA:34,519
BRDA:34,1,0,1
BRDA:34,1,1,518
DA:35,1
DA:37,518
DA:38,518
DA:39,518
DA:41,518
DA:42,518
DA:45,518
DA:48,518
DA:49,518
DA:51,518
FNF:2
FNH:2
LF:14
LH:14
BRF:4
BRH:4
end_of_record
TN:
SF:src/V2Oracle.sol
FN:69,UniswapV2OracleLibrary.currentBlockTimestamp
FNDA:520,UniswapV2OracleLibrary.currentBlockTimestamp
DA:70,520
FN:74,UniswapV2OracleLibrary.currentCumulativePrices
FNDA:1,UniswapV2OracleLibrary.currentCumulativePrices
DA:79,1
DA:80,1
DA:81,1
DA:84,1
DA:85,1
BRDA:85,0,0,1
BRDA:85,0,1,1
DA:87,1
DA:90,1
DA:92,1
FN:233,V2Oracle.canUpdate
FNDA:519,V2Oracle.canUpdate
DA:234,519
DA:236,519
DA:237,519
FN:240,V2Oracle.update
FNDA:1,V2Oracle.update
DA:241,1
DA:242,1
DA:243,1
DA:246,1
BRDA:246,0,0,-
BRDA:246,0,1,1
DA:250,1
DA:251,1
DA:253,1
DA:254,1
DA:255,1
FN:259,V2Oracle.consult
FNDA:519,V2Oracle.consult
DA:260,519
BRDA:260,1,0,1
BRDA:260,1,1,518
DA:261,1
DA:263,518
BRDA:263,2,0,-
BRDA:263,2,1,518
DA:264,518
FN:101,UniswapV2Library.sortTokens
FNDA:0,UniswapV2Library.sortTokens
DA:102,0
BRDA:102,0,0,-
BRDA:102,0,1,-
DA:103,0
DA:104,0
BRDA:104,1,0,-
BRDA:104,1,1,-
FN:108,UniswapV2Library.pairFor
FNDA:0,UniswapV2Library.pairFor
DA:109,0
DA:110,0
FN:127,UniswapV2Library.getReserves
FNDA:0,UniswapV2Library.getReserves
DA:132,0
DA:133,0
DA:134,0
DA:135,0
FN:139,UniswapV2Library.quote
FNDA:0,UniswapV2Library.quote
DA:140,0
BRDA:140,2,0,-
BRDA:140,2,1,-
DA:141,0
BRDA:141,3,0,-
BRDA:141,3,1,-
DA:142,0
FN:146,UniswapV2Library.getAmountOut
FNDA:0,UniswapV2Library.getAmountOut
DA:151,0
BRDA:151,4,0,-
BRDA:151,4,1,-
DA:152,0
BRDA:152,5,0,-
BRDA:152,5,1,-
DA:153,0
DA:154,0
DA:155,0
DA:156,0
FN:160,UniswapV2Library.getAmountIn
FNDA:0,UniswapV2Library.getAmountIn
DA:165,0
BRDA:165,6,0,-
BRDA:165,6,1,-
DA:166,0
BRDA:166,7,0,-
BRDA:166,7,1,-
DA:167,0
DA:168,0
DA:169,0
FN:173,UniswapV2Library.getAmountsOut
FNDA:0,UniswapV2Library.getAmountsOut
DA:178,0
BRDA:178,8,0,-
BRDA:178,8,1,-
DA:179,0
DA:180,0
DA:181,0
DA:182,0
DA:183,0
FN:188,UniswapV2Library.getAmountsIn
FNDA:0,UniswapV2Library.getAmountsIn
DA:193,0
BRDA:193,9,0,-
BRDA:193,9,1,-
DA:194,0
DA:195,0
DA:196,0
DA:197,0
DA:198,0
FNF:13
FNH:5
LF:60
LH:25
BRF:28
BRH:6
end_of_record
TN:
SF:src/V3Oracle.sol
FN:12,V3Oracle.getSqrtTwapX96
FNDA:0,V3Oracle.getSqrtTwapX96
DA:13,2
BRDA:13,0,0,-
BRDA:13,0,1,1
DA:15,1
DA:17,1
DA:18,1
DA:19,1
DA:21,1
DA:24,1
FN:29,V3Oracle.getHumanQuote
FNDA:2,V3Oracle.getHumanQuote
DA:36,2
DA:37,2
BRDA:37,1,0,1
BRDA:37,1,1,1
DA:38,2
DA:39,2
DA:43,0
DA:44,0
FNF:2
FNH:1
LF:13
LH:11
BRF:4
BRH:3
end_of_record
TN:
SF:src/Vesting.sol
FN:33,Vesting.setToken
FNDA:4,Vesting.setToken
DA:34,4
BRDA:34,0,0,1
BRDA:34,0,1,3
DA:35,1
DA:37,3
BRDA:37,1,0,1
BRDA:37,1,1,2
DA:38,1
DA:40,2
BRDA:40,2,0,1
BRDA:40,2,1,1
DA:41,1
DA:43,1
FN:46,Vesting.setVesting
FNDA:0,Vesting.setVesting
DA:47,0
BRDA:47,3,0,-
BRDA:47,3,1,-
DA:48,0
DA:50,0
FN:53,Vesting.claimable
FNDA:813,Vesting.claimable
DA:54,962
DA:55,962
BRDA:55,4,0,1
BRDA:55,4,1,961
DA:56,1
DA:58,961
DA:59,961
BRDA:59,5,0,317
BRDA:59,5,1,644
DA:60,317
DA:62,644
DA:63,644
BRDA:63,6,0,275
BRDA:63,6,1,369
DA:64,275
DA:66,369
FN:69,Vesting.claim
FNDA:149,Vesting.claim
DA:70,149
DA:71,149
BRDA:71,7,0,-
BRDA:71,7,1,121
DA:72,121
DA:74,121
FNF:4
FNH:3
LF:24
LH:21
BRF:16
BRH:13
end_of_record
TN:
SF:src/dbxen/DBXen.sol
FN:269,DBXen.onTokenBurned
FNDA:4,DBXen.onTokenBurned
DA:270,4
BRDA:270,0,0,-
BRDA:270,0,1,4
DA:271,4
DA:272,4
DA:273,4
DA:274,4
DA:275,4
DA:276,4
FN:284,DBXen.burnBatch
FNDA:4,DBXen.burnBatch
DA:285,4
BRDA:285,1,0,-
BRDA:285,1,1,4
DA:286,4
BRDA:286,2,0,-
BRDA:286,2,1,4
DA:287,4
BRDA:287,3,0,-
BRDA:287,3,1,4
DA:289,4
FN:296,DBXen.claimRewards
FNDA:0,DBXen.claimRewards
DA:297,0
DA:298,0
DA:299,0
DA:300,0
DA:302,0
BRDA:302,4,0,-
BRDA:302,4,1,-
DA:304,0
DA:305,0
BRDA:305,5,0,-
BRDA:305,5,1,-
DA:306,0
DA:308,0
DA:311,0
DA:312,0
FN:318,DBXen.claimFees
FNDA:3,DBXen.claimFees
DA:319,3
DA:320,3
DA:321,3
DA:323,3
DA:324,3
BRDA:324,6,0,-
BRDA:324,6,1,3
DA:325,3
DA:326,3
DA:327,3
FN:337,DBXen.stake
FNDA:1465,DBXen.stake
DA:338,1465
DA:339,1465
DA:340,1465
DA:341,1465
BRDA:341,7,0,-
BRDA:341,7,1,1465
DA:342,1465
DA:343,1465
DA:345,1465
BRDA:345,8,0,1465
BRDA:345,8,1,1465
DA:346,1465
DA:349,1465
BRDA:349,9,0,-
BRDA:349,9,1,-
DA:350,539
BRDA:350,10,0,539
BRDA:350,10,1,-
DA:351,539
DA:352,0
BRDA:352,11,0,-
BRDA:352,11,1,-
DA:353,0
DA:357,1465
DA:359,1465
DA:360,1465
FN:369,DBXen.unstake
FNDA:0,DBXen.unstake
DA:370,0
DA:371,0
DA:372,0
DA:373,0
BRDA:373,12,0,-
BRDA:373,12,1,-
DA:375,0
BRDA:375,13,0,-
BRDA:375,13,1,-
DA:377,0
BRDA:377,14,0,-
BRDA:377,14,1,-
DA:378,0
DA:380,0
DA:383,0
DA:384,0
DA:386,0
DA:387,0
FN:393,DBXen.getCurrentCycle
FNDA:4280,DBXen.getCurrentCycle
DA:394,5755
FN:400,DBXen.calculateCycle
FNDA:1472,DBXen.calculateCycle
DA:401,1472
DA:403,1472
BRDA:403,15,0,7
BRDA:403,15,1,1472
DA:404,7
FN:411,DBXen.updateCycleFeesPerStakeSummed
FNDA:1472,DBXen.updateCycleFeesPerStakeSummed
DA:412,1472
BRDA:412,16,0,15
BRDA:412,16,1,1472
DA:413,15
DA:414,15
DA:417,1472
BRDA:417,17,0,5
BRDA:417,17,1,-
DA:418,5
DA:419,5
BRDA:419,18,0,5
BRDA:419,18,1,-
DA:420,5
DA:422,5
DA:424,0
DA:425,0
DA:428,5
FN:436,DBXen.setUpNewCycle
FNDA:4,DBXen.setUpNewCycle
DA:437,4
BRDA:437,19,0,-
BRDA:437,19,1,2
DA:438,2
DA:439,2
DA:440,2
DA:441,2
DA:443,2
DA:445,2
DA:447,2
BRDA:447,20,0,2
BRDA:447,20,1,2
DA:448,2
DA:449,2
DA:452,2
BRDA:452,21,0,-
BRDA:452,21,1,2
DA:453,0
DA:454,0
DA:457,2
FN:467,DBXen.updateStats
FNDA:1472,DBXen.updateStats
DA:468,1472
BRDA:468,22,0,2
BRDA:468,22,1,1472
DA:469,2
DA:471,2
DA:472,2
DA:475,1472
BRDA:475,23,0,6
BRDA:475,23,1,1472
DA:476,6
DA:486,6
DA:489,1472
BRDA:489,24,0,-
BRDA:489,24,1,-
DA:490,5
DA:492,5
DA:493,5
DA:494,5
BRDA:494,25,0,1
BRDA:494,25,1,5
DA:495,1
DA:507,5
DA:508,5
DA:510,5
BRDA:510,26,0,-
BRDA:510,26,1,-
DA:511,0
BRDA:511,27,0,-
BRDA:511,27,1,-
DA:512,0
DA:513,0
DA:514,0
DA:516,0
BRDA:516,28,0,-
BRDA:516,28,1,-
DA:517,0
DA:529,0
DA:530,0
DA:532,0
DA:533,0
FN:545,DBXen.sendViaCall
FNDA:7,DBXen.sendViaCall
DA:546,7
DA:547,7
BRDA:547,29,0,-
BRDA:547,29,1,7
FN:553,DBXen.supportsInterface
FNDA:4,DBXen.supportsInterface
DA:554,4
FNF:13
FNH:11
LF:116
LH:77
BRF:60
BRH:26
end_of_record
TN:
SF:src/dbxen/DBXenERC20.sol
FN:37,DBXenERC20.mintReward
FNDA:0,DBXenERC20.mintReward
DA:38,0
BRDA:38,0,0,-
BRDA:38,0,1,-
DA:39,0
BRDA:39,1,0,-
BRDA:39,1,1,-
DA:43,0
FN:48,DBXenERC20.mint
FNDA:0,DBXenERC20.mint
DA:49,0
FNF:2
FNH:0
LF:4
LH:0
BRF:4
BRH:0
end_of_record
TN:
SF:src/dbxen/DBXenViews.sol
FN:32,DBXenViews.deb0xContractBalance
FNDA:0,DBXenViews.deb0xContractBalance
DA:33,0
FN:43,DBXenViews.getAccWithdrawableStake
FNDA:0,DBXenViews.getAccWithdrawableStake
DA:48,0
DA:49,0
DA:52,0
DA:53,0
BRDA:51,0,0,-
BRDA:51,0,1,-
DA:55,0
DA:61,0
DA:62,0
BRDA:60,1,0,-
BRDA:60,1,1,-
DA:64,0
DA:71,0
FN:81,DBXenViews.getUnclaimedFees
FNDA:2140,DBXenViews.getUnclaimedFees
DA:82,2140
DA:83,2140
DA:84,2140
DA:85,2140
DA:86,2140
DA:88,2140
BRDA:88,2,0,-
BRDA:88,2,1,15
DA:89,15
DA:90,15
DA:94,2140
DA:95,17
BRDA:93,3,0,-
BRDA:93,3,1,8
DA:97,8
DA:98,8
BRDA:98,4,0,-
BRDA:98,4,1,8
DA:99,8
DA:105,8
DA:109,2132
DA:114,2140
DA:117,2140
DA:118,17
BRDA:116,5,0,-
BRDA:116,5,1,6
DA:120,6
DA:132,2140
DA:133,2134
DA:134,8
BRDA:131,6,0,-
BRDA:131,6,1,-
DA:136,2
DA:145,2
DA:146,0
DA:147,0
BRDA:144,7,0,-
BRDA:144,7,1,-
DA:149,0
DA:162,2140
FN:168,DBXenViews.calculateCycleReward
FNDA:0,DBXenViews.calculateCycleReward
DA:169,0
FN:179,DBXenViews.getUnclaimedRewards
FNDA:0,DBXenViews.getUnclaimedRewards
DA:184,2140
DA:185,2140
DA:188,2140
DA:189,17
BRDA:187,8,0,-
BRDA:187,8,1,4
DA:191,4
DA:193,4
DA:195,4
DA:198,2140
FNF:5
FNH:1
LF:47
LH:33
BRF:18
BRH:5
end_of_record
TN:
SF:src/dbxen/MathX.sol
FN:7,MathX.min
FNDA:0,MathX.min
DA:8,0
BRDA:8,0,0,-
BRDA:8,0,1,-
DA:9,0
FN:12,MathX.max
FNDA:0,MathX.max
DA:13,0
BRDA:13,1,0,-
BRDA:13,1,1,-
DA:14,0
FN:17,MathX.logX64
FNDA:0,MathX.logX64
DA:18,0
FNF:3
FNH:0
LF:5
LH:0
BRF:4
BRH:0
end_of_record
TN:
SF:src/dbxen/MockToken.sol
FN:17,MockToken.mint
FNDA:0,MockToken.mint
DA:18,0
FN:21,MockToken.decimals
FNDA:0,MockToken.decimals
DA:22,0
FN:25,MockToken.burn
FNDA:0,MockToken.burn
DA:26,0
FNF:3
FNH:0
LF:3
LH:0
BRF:0
BRH:0
end_of_record
TN:
SF:src/dbxen/XENCrypto.sol
FN:91,XENCrypto._calculateMaxTerm
FNDA:0,XENCrypto._calculateMaxTerm
DA:92,0
BRDA:92,0,0,-
BRDA:92,0,1,-
DA:93,0
DA:94,0
DA:95,0
DA:97,0
FN:103,XENCrypto._penalty
FNDA:0,XENCrypto._penalty
DA:105,0
DA:106,0
BRDA:106,1,0,-
BRDA:106,1,1,-
DA:107,0
DA:108,0
FN:114,XENCrypto._calculateMintReward
FNDA:0,XENCrypto._calculateMintReward
DA:121,0
DA:122,0
DA:123,0
DA:124,0
DA:125,0
DA:126,0
FN:132,XENCrypto._cleanUpUserMint
FNDA:0,XENCrypto._cleanUpUserMint
DA:133,0
DA:134,0
FN:140,XENCrypto._calculateStakeReward
FNDA:0,XENCrypto._calculateStakeReward
DA:146,0
BRDA:146,2,0,-
BRDA:146,2,1,-
DA:147,0
DA:148,0
DA:150,0
FN:156,XENCrypto._calculateRewardAmplifier
FNDA:0,XENCrypto._calculateRewardAmplifier
DA:157,0
DA:158,0
BRDA:158,3,0,-
BRDA:158,3,1,-
DA:159,0
DA:161,0
FN:169,XENCrypto._calculateEAARate
FNDA:0,XENCrypto._calculateEAARate
DA:170,0
DA:171,0
BRDA:171,4,0,-
BRDA:171,4,1,-
DA:172,0
FN:178,XENCrypto._calculateAPY
FNDA:0,XENCrypto._calculateAPY
DA:179,0
DA:180,0
BRDA:180,5,0,-
BRDA:180,5,1,-
DA:181,0
FN:187,XENCrypto._createStake
FNDA:0,XENCrypto._createStake
DA:188,0
DA:194,0
DA:195,0
FN:203,XENCrypto.getGrossReward
FNDA:0,XENCrypto.getGrossReward
DA:209,0
DA:210,0
DA:211,0
FN:217,XENCrypto.getUserMint
FNDA:0,XENCrypto.getUserMint
DA:218,0
FN:224,XENCrypto.getUserStake
FNDA:0,XENCrypto.getUserStake
DA:225,0
FN:231,XENCrypto.getCurrentAMP
FNDA:0,XENCrypto.getCurrentAMP
DA:232,0
FN:238,XENCrypto.getCurrentEAAR
FNDA:0,XENCrypto.getCurrentEAAR
DA:239,0
FN:245,XENCrypto.getCurrentAPY
FNDA:0,XENCrypto.getCurrentAPY
DA:246,0
FN:252,XENCrypto.getCurrentMaxTerm
FNDA:0,XENCrypto.getCurrentMaxTerm
DA:253,0
FN:261,XENCrypto.claimRank
FNDA:0,XENCrypto.claimRank
DA:262,0
DA:263,0
BRDA:263,6,0,-
BRDA:263,6,1,-
DA:264,0
BRDA:264,7,0,-
BRDA:264,7,1,-
DA:265,0
BRDA:265,8,0,-
BRDA:265,8,1,-
DA:268,0
DA:276,0
DA:277,0
DA:278,0
FN:284,XENCrypto.claimMintReward
FNDA:0,XENCrypto.claimMintReward
DA:285,0
DA:286,0
BRDA:286,9,0,-
BRDA:286,9,1,-
DA:287,0
BRDA:287,10,0,-
BRDA:287,10,1,-
DA:290,0
DA:297,0
DA:299,0
DA:300,0
FN:307,XENCrypto.claimMintRewardAndShare
FNDA:0,XENCrypto.claimMintRewardAndShare
DA:308,0
DA:309,0
BRDA:309,11,0,-
BRDA:309,11,1,-
DA:310,0
BRDA:310,12,0,-
BRDA:310,12,1,-
DA:311,0
BRDA:311,13,0,-
BRDA:311,13,1,-
DA:312,0
BRDA:312,14,0,-
BRDA:312,14,1,-
DA:313,0
BRDA:313,15,0,-
BRDA:313,15,1,-
DA:316,0
DA:323,0
DA:324,0
DA:327,0
DA:328,0
DA:330,0
DA:331,0
FN:338,XENCrypto.claimMintRewardAndStake
FNDA:0,XENCrypto.claimMintRewardAndStake
DA:339,0
DA:341,0
BRDA:341,16,0,-
BRDA:341,16,1,-
DA:342,0
BRDA:342,17,0,-
BRDA:342,17,1,-
DA:343,0
BRDA:343,18,0,-
BRDA:343,18,1,-
DA:346,0
DA:353,0
DA:354,0
DA:357,0
DA:358,0
DA:359,0
DA:363,0
BRDA:363,19,0,-
BRDA:363,19,1,-
DA:364,0
BRDA:364,20,0,-
BRDA:364,20,1,-
DA:365,0
BRDA:365,21,0,-
BRDA:365,21,1,-
DA:366,0
BRDA:366,22,0,-
BRDA:366,22,1,-
DA:368,0
DA:369,0
FN:375,XENCrypto.stake
FNDA:0,XENCrypto.stake
DA:376,0
BRDA:376,23,0,-
BRDA:376,23,1,-
DA:377,0
BRDA:377,24,0,-
BRDA:377,24,1,-
DA:378,0
BRDA:378,25,0,-
BRDA:378,25,1,-
DA:379,0
BRDA:379,26,0,-
BRDA:379,26,1,-
DA:380,0
BRDA:380,27,0,-
BRDA:380,27,1,-
DA:383,0
DA:385,0
DA:386,0
FN:392,XENCrypto.withdraw
FNDA:0,XENCrypto.withdraw
DA:393,0
DA:394,0
BRDA:394,28,0,-
BRDA:394,28,1,-
DA:396,0
DA:402,0
DA:403,0
DA:406,0
DA:407,0
DA:408,0
FN:414,XENCrypto.burn
FNDA:4,XENCrypto.burn
DA:415,4
BRDA:415,29,0,-
BRDA:415,29,1,4
DA:416,4
BRDA:416,30,0,-
BRDA:416,30,1,4
DA:421,4
DA:422,4
DA:423,4
DA:424,4
FNF:23
FNH:1
LF:109
LH:6
BRF:62
BRH:2
end_of_record
TN:
SF:src/dbxen/mocks/XENCryptoMock.sol
FN:19,XENCryptoMock.burn
FNDA:0,XENCryptoMock.burn
DA:20,0
BRDA:20,0,0,-
BRDA:20,0,1,-
DA:21,0
BRDA:21,1,0,-
BRDA:21,1,1,-
DA:26,0
DA:27,0
DA:28,0
DA:29,0
FNF:1
FNH:0
LF:6
LH:0
BRF:4
BRH:0
end_of_record
TN:
SF:src/libraries/OracleLibrary.sol
FN:16,OracleLibrary.consult
FNDA:0,OracleLibrary.consult
DA:21,0
BRDA:21,0,0,-
BRDA:21,0,1,-
DA:23,0
DA:24,0
DA:25,0
DA:27,0
DA:28,0
DA:30,0
DA:31,0
DA:32,0
DA:34,0
DA:36,0
BRDA:36,1,0,-
BRDA:36,1,1,-
DA:39,0
DA:40,0
FN:49,OracleLibrary.getQuoteAtTick
FNDA:0,OracleLibrary.getQuoteAtTick
DA:54,0
DA:57,0
BRDA:57,2,0,-
BRDA:57,2,1,-
DA:58,0
DA:59,0
DA:63,0
DA:64,0
FN:73,OracleLibrary.getOldestObservationSecondsAgo
FNDA:0,OracleLibrary.getOldestObservationSecondsAgo
DA:74,0
DA:75,0
BRDA:75,3,0,-
BRDA:75,3,1,-
DA:77,0
DA:78,0
DA:82,0
BRDA:82,4,0,-
BRDA:82,4,1,-
DA:83,0
DA:87,0
FN:94,OracleLibrary.getBlockStartingTickAndLiquidity
FNDA:0,OracleLibrary.getBlockStartingTickAndLiquidity
DA:95,0
DA:98,0
BRDA:98,5,0,-
BRDA:98,5,1,-
DA:103,0
DA:104,0
DA:105,0
BRDA:105,6,0,-
BRDA:105,6,1,-
DA:106,0
DA:109,0
DA:110,0
DA:115,0
DA:117,0
BRDA:117,7,0,-
BRDA:117,7,1,-
DA:119,0
DA:120,0
DA:121,0
DA:125,0
FN:140,OracleLibrary.getWeightedArithmeticMeanTick
FNDA:0,OracleLibrary.getWeightedArithmeticMeanTick
DA:146,0
DA:149,0
DA:152,0
DA:153,0
DA:154,0
DA:157,0
DA:159,0
BRDA:159,8,0,-
BRDA:159,8,1,-
FN:168,OracleLibrary.getChainedPrice
FNDA:0,OracleLibrary.getChainedPrice
DA:173,0
BRDA:173,9,0,-
BRDA:173,9,1,-
DA:174,0
DA:177,0
FNF:6
FNH:0
LF:50
LH:0
BRF:20
BRH:0
end_of_record
TN:
SF:src/uniswapv2/UniswapV2ERC20.sol
FN:39,UniswapV2ERC20._mint
FNDA:0,UniswapV2ERC20._mint
DA:40,0
DA:41,0
DA:42,0
FN:45,UniswapV2ERC20._burn
FNDA:0,UniswapV2ERC20._burn
DA:46,0
DA:47,0
DA:48,0
FN:51,UniswapV2ERC20._approve
FNDA:0,UniswapV2ERC20._approve
DA:52,0
DA:53,0
FN:56,UniswapV2ERC20._transfer
FNDA:0,UniswapV2ERC20._transfer
DA:57,0
DA:58,0
DA:59,0
FN:62,UniswapV2ERC20.approve
FNDA:0,UniswapV2ERC20.approve
DA:63,0
DA:64,0
FN:67,UniswapV2ERC20.transfer
FNDA:0,UniswapV2ERC20.transfer
DA:68,0
DA:69,0
FN:72,UniswapV2ERC20.transferFrom
FNDA:0,UniswapV2ERC20.transferFrom
DA:73,0
BRDA:73,0,0,-
BRDA:73,0,1,-
DA:74,0
DA:76,0
DA:77,0
FN:80,UniswapV2ERC20.permit
FNDA:0,UniswapV2ERC20.permit
DA:83,0
BRDA:83,1,0,-
BRDA:83,1,1,-
DA:84,0
DA:91,0
DA:92,0
BRDA:92,2,0,-
BRDA:92,2,1,-
DA:93,0
FNF:8
FNH:0
LF:24
LH:0
BRF:6
BRH:0
end_of_record
TN:
SF:src/uniswapv2/UniswapV2Factory.sol
FN:20,UniswapV2Factory.allPairsLength
FNDA:0,UniswapV2Factory.allPairsLength
DA:21,0
FN:24,UniswapV2Factory.pairCodeHash
FNDA:0,UniswapV2Factory.pairCodeHash
DA:25,0
FN:28,UniswapV2Factory.createPair
FNDA:0,UniswapV2Factory.createPair
DA:29,0
BRDA:29,0,0,-
BRDA:29,0,1,-
DA:30,0
DA:31,0
BRDA:31,1,0,-
BRDA:31,1,1,-
DA:32,0
BRDA:32,2,0,-
BRDA:32,2,1,-
DA:33,0
DA:34,0
DA:36,0
DA:38,0
DA:39,0
DA:40,0
DA:41,0
DA:42,0
FN:45,UniswapV2Factory.setFeeTo
FNDA:0,UniswapV2Factory.setFeeTo
DA:46,0
BRDA:46,3,0,-
BRDA:46,3,1,-
DA:47,0
FN:50,UniswapV2Factory.setMigrator
FNDA:0,UniswapV2Factory.setMigrator
DA:51,0
BRDA:51,4,0,-
BRDA:51,4,1,-
DA:52,0
FN:55,UniswapV2Factory.setFeeToSetter
FNDA:0,UniswapV2Factory.setFeeToSetter
DA:56,0
BRDA:56,5,0,-
BRDA:56,5,1,-
DA:57,0
FNF:6
FNH:0
LF:20
LH:0
BRF:12
BRH:0
end_of_record
TN:
SF:src/uniswapv2/UniswapV2Pair.sol
FN:43,UniswapV2Pair.getReserves
FNDA:0,UniswapV2Pair.getReserves
DA:44,0
DA:45,0
DA:46,0
FN:49,UniswapV2Pair._safeTransfer
FNDA:0,UniswapV2Pair._safeTransfer
DA:50,0
DA:51,0
BRDA:51,0,0,-
BRDA:51,0,1,-
FN:71,UniswapV2Pair.initialize
FNDA:0,UniswapV2Pair.initialize
DA:72,0
BRDA:72,1,0,-
BRDA:72,1,1,-
DA:73,0
DA:74,0
FN:78,UniswapV2Pair._update
FNDA:0,UniswapV2Pair._update
DA:79,0
BRDA:79,2,0,-
BRDA:79,2,1,-
DA:84,0
DA:85,0
DA:86,0
BRDA:86,3,0,-
BRDA:86,3,1,-
DA:88,0
DA:89,0
DA:91,0
DA:92,0
DA:93,0
DA:94,0
FN:98,UniswapV2Pair._mintFee
FNDA:0,UniswapV2Pair._mintFee
DA:99,0
DA:100,0
DA:101,0
DA:102,0
BRDA:102,4,0,-
BRDA:102,4,1,-
DA:103,0
BRDA:103,5,0,-
BRDA:103,5,1,-
DA:104,0
DA:105,0
DA:106,0
BRDA:106,6,0,-
BRDA:106,6,1,-
DA:107,0
DA:108,0
DA:109,0
DA:110,0
BRDA:110,7,0,-
BRDA:110,7,1,-
DA:113,0
BRDA:113,8,0,-
BRDA:113,8,1,-
DA:114,0
FN:119,UniswapV2Pair.mint
FNDA:0,UniswapV2Pair.mint
DA:120,0
DA:121,0
DA:122,0
DA:123,0
DA:124,0
DA:126,0
DA:127,0
DA:128,0
BRDA:128,9,0,-
BRDA:128,9,1,-
DA:129,0
DA:130,0
BRDA:130,10,0,-
BRDA:130,10,1,-
DA:131,0
DA:132,0
BRDA:132,11,0,-
BRDA:132,11,1,-
DA:139,0
BRDA:139,12,0,-
BRDA:139,12,1,-
DA:140,0
DA:141,0
DA:144,0
DA:146,0
BRDA:146,13,0,-
BRDA:146,13,1,-
DA:147,0
DA:149,0
DA:150,0
BRDA:150,14,0,-
BRDA:150,14,1,-
DA:151,0
FN:155,UniswapV2Pair.burn
FNDA:0,UniswapV2Pair.burn
DA:156,0
DA:157,0
DA:158,0
DA:159,0
DA:160,0
DA:161,0
DA:163,0
DA:164,0
DA:165,0
DA:166,0
DA:167,0
BRDA:167,15,0,-
BRDA:167,15,1,-
DA:168,0
DA:169,0
DA:170,0
DA:172,0
DA:173,0
DA:175,0
DA:176,0
BRDA:176,16,0,-
BRDA:176,16,1,-
DA:177,0
FN:181,UniswapV2Pair.swap
FNDA:0,UniswapV2Pair.swap
DA:182,0
BRDA:182,17,0,-
BRDA:182,17,1,-
DA:183,0
DA:184,0
BRDA:184,18,0,-
BRDA:184,18,1,-
DA:186,0
DA:187,0
DA:190,0
DA:191,0
DA:192,0
BRDA:192,19,0,-
BRDA:192,19,1,-
DA:193,0
BRDA:193,20,0,-
BRDA:193,20,1,-
DA:194,0
BRDA:194,21,0,-
BRDA:194,21,1,-
DA:195,0
BRDA:195,22,0,-
BRDA:195,22,1,-
DA:196,0
DA:197,0
DA:199,0
DA:200,0
DA:201,0
BRDA:201,23,0,-
BRDA:201,23,1,-
DA:204,0
DA:205,0
DA:206,0
BRDA:206,24,0,-
BRDA:206,24,1,-
DA:212,0
DA:213,0
FN:217,UniswapV2Pair.skim
FNDA:0,UniswapV2Pair.skim
DA:218,0
DA:219,0
DA:220,0
DA:221,0
FN:225,UniswapV2Pair.sync
FNDA:0,UniswapV2Pair.sync
DA:226,0
FNF:10
FNH:0
LF:98
LH:0
BRF:50
BRH:0
end_of_record
TN:
SF:src/uniswapv2/UniswapV2Router02.sol
FN:33,UniswapV2Router02._addLiquidity
FNDA:0,UniswapV2Router02._addLiquidity
DA:42,0
BRDA:42,0,0,-
BRDA:42,0,1,-
DA:43,0
DA:45,0
DA:46,0
BRDA:46,1,0,-
BRDA:46,1,1,-
DA:47,0
DA:49,0
DA:50,0
BRDA:50,2,0,-
BRDA:50,2,1,-
DA:51,0
BRDA:51,3,0,-
BRDA:51,3,1,-
DA:52,0
DA:54,0
DA:55,0
BRDA:55,4,0,-
BRDA:55,4,1,-
DA:56,0
BRDA:56,5,0,-
BRDA:56,5,1,-
DA:57,0
FN:62,UniswapV2Router02.addLiquidity
FNDA:0,UniswapV2Router02.addLiquidity
DA:72,0
DA:73,0
DA:74,0
DA:75,0
DA:76,0
FN:79,UniswapV2Router02.addLiquidityETH
FNDA:0,UniswapV2Router02.addLiquidityETH
DA:94,0
DA:96,0
DA:97,0
DA:98,0
DA:99,0
BRDA:99,6,0,-
BRDA:99,6,1,-
DA:100,0
DA:102,0
BRDA:102,7,0,-
BRDA:102,7,1,-
FN:106,UniswapV2Router02.removeLiquidity
FNDA:0,UniswapV2Router02.removeLiquidity
DA:115,0
DA:116,0
DA:117,0
DA:118,0
DA:119,0
DA:120,0
BRDA:120,8,0,-
BRDA:120,8,1,-
DA:121,0
BRDA:121,9,0,-
BRDA:121,9,1,-
FN:124,UniswapV2Router02.removeLiquidityETH
FNDA:0,UniswapV2Router02.removeLiquidityETH
DA:132,0
DA:134,0
DA:135,0
DA:136,0
FN:139,UniswapV2Router02.removeLiquidityWithPermit
FNDA:0,UniswapV2Router02.removeLiquidityWithPermit
DA:152,0
DA:153,0
DA:154,0
DA:155,0
FN:158,UniswapV2Router02.removeLiquidityETHWithPermit
FNDA:0,UniswapV2Router02.removeLiquidityETHWithPermit
DA:170,0
DA:171,0
DA:172,0
DA:173,0
FN:177,UniswapV2Router02.removeLiquidityETHSupportingFeeOnTransferTokens
FNDA:0,UniswapV2Router02.removeLiquidityETHSupportingFeeOnTransferTokens
DA:185,0
DA:186,0
DA:187,0
DA:188,0
FN:191,UniswapV2Router02.removeLiquidityETHWithPermitSupportingFeeOnTransferTokens
FNDA:0,UniswapV2Router02.removeLiquidityETHWithPermitSupportingFeeOnTransferTokens
DA:203,0
DA:204,0
DA:205,0
DA:206,0
FN:213,UniswapV2Router02._swap
FNDA:0,UniswapV2Router02._swap
DA:214,0
DA:215,0
DA:216,0
DA:217,0
DA:218,0
DA:219,0
DA:220,0
DA:221,0
FN:227,UniswapV2Router02.swapExactTokensForTokens
FNDA:0,UniswapV2Router02.swapExactTokensForTokens
DA:234,0
DA:235,0
BRDA:235,10,0,-
BRDA:235,10,1,-
DA:236,0
DA:239,0
FN:242,UniswapV2Router02.swapTokensForExactTokens
FNDA:0,UniswapV2Router02.swapTokensForExactTokens
DA:249,0
DA:250,0
BRDA:250,11,0,-
BRDA:250,11,1,-
DA:251,0
DA:254,0
FN:257,UniswapV2Router02.swapExactETHForTokens
FNDA:0,UniswapV2Router02.swapExactETHForTokens
DA:265,0
BRDA:265,12,0,-
BRDA:265,12,1,-
DA:266,0
DA:267,0
BRDA:267,13,0,-
BRDA:267,13,1,-
DA:268,0
DA:269,0
BRDA:269,14,0,-
BRDA:269,14,1,-
DA:270,0
FN:273,UniswapV2Router02.swapTokensForExactETH
FNDA:0,UniswapV2Router02.swapTokensForExactETH
DA:280,0
BRDA:280,15,0,-
BRDA:280,15,1,-
DA:281,0
DA:282,0
BRDA:282,16,0,-
BRDA:282,16,1,-
DA:283,0
DA:286,0
DA:287,0
DA:288,0
FN:291,UniswapV2Router02.swapExactTokensForETH
FNDA:0,UniswapV2Router02.swapExactTokensForETH
DA:298,0
BRDA:298,17,0,-
BRDA:298,17,1,-
DA:299,0
DA:300,0
BRDA:300,18,0,-
BRDA:300,18,1,-
DA:301,0
DA:304,0
DA:305,0
DA:306,0
FN:309,UniswapV2Router02.swapETHForExactTokens
FNDA:0,UniswapV2Router02.swapETHForExactTokens
DA:317,0
BRDA:317,19,0,-
BRDA:317,19,1,-
DA:318,0
DA:319,0
BRDA:319,20,0,-
BRDA:319,20,1,-
DA:320,0
DA:321,0
BRDA:321,21,0,-
BRDA:321,21,1,-
DA:322,0
DA:324,0
BRDA:324,22,0,-
BRDA:324,22,1,-
FN:329,UniswapV2Router02._swapSupportingFeeOnTransferTokens
FNDA:0,UniswapV2Router02._swapSupportingFeeOnTransferTokens
DA:330,0
DA:331,0
DA:332,0
DA:333,0
DA:334,0
DA:335,0
DA:338,0
DA:339,0
DA:340,0
DA:341,0
DA:342,0
DA:344,0
DA:345,0
DA:346,0
DA:347,0
FN:351,UniswapV2Router02.swapExactTokensForTokensSupportingFeeOnTransferTokens
FNDA:0,UniswapV2Router02.swapExactTokensForTokensSupportingFeeOnTransferTokens
DA:358,0
DA:361,0
DA:362,0
DA:363,0
BRDA:363,23,0,-
BRDA:363,23,1,-
FN:369,UniswapV2Router02.swapExactETHForTokensSupportingFeeOnTransferTokens
FNDA:0,UniswapV2Router02.swapExactETHForTokensSupportingFeeOnTransferTokens
DA:375,0
BRDA:375,24,0,-
BRDA:375,24,1,-
DA:376,0
DA:377,0
DA:378,0
BRDA:378,25,0,-
BRDA:378,25,1,-
DA:379,0
DA:380,0
DA:381,0
BRDA:381,26,0,-
BRDA:381,26,1,-
FN:387,UniswapV2Router02.swapExactTokensForETHSupportingFeeOnTransferTokens
FNDA:0,UniswapV2Router02.swapExactTokensForETHSupportingFeeOnTransferTokens
DA:394,0
BRDA:394,27,0,-
BRDA:394,27,1,-
DA:395,0
DA:398,0
DA:399,0
DA:400,0
BRDA:400,28,0,-
BRDA:400,28,1,-
DA:401,0
DA:402,0
FN:406,UniswapV2Router02.quote
FNDA:0,UniswapV2Router02.quote
DA:413,0
FN:416,UniswapV2Router02.getAmountOut
FNDA:0,UniswapV2Router02.getAmountOut
DA:423,0
FN:426,UniswapV2Router02.getAmountIn
FNDA:0,UniswapV2Router02.getAmountIn
DA:433,0
FN:436,UniswapV2Router02.getAmountsOut
FNDA:0,UniswapV2Router02.getAmountsOut
DA:443,0
FN:446,UniswapV2Router02.getAmountsIn
FNDA:0,UniswapV2Router02.getAmountsIn
DA:453,0
FNF:25
FNH:0
LF:133
LH:0
BRF:58
BRH:0
end_of_record
TN:
SF:src/uniswapv2/libraries/Babylonian.sol
FN:10,Babylonian.sqrt
FNDA:0,Babylonian.sqrt
DA:11,0
BRDA:11,0,0,-
BRDA:11,0,1,-
DA:14,0
DA:15,0
DA:16,0
BRDA:16,1,0,-
BRDA:16,1,1,-
DA:17,0
DA:18,0
DA:20,0
BRDA:20,2,0,-
BRDA:20,2,1,-
DA:21,0
DA:22,0
DA:24,0
BRDA:24,3,0,-
BRDA:24,3,1,-
DA:25,0
DA:26,0
DA:28,0
BRDA:28,4,0,-
BRDA:28,4,1,-
DA:29,0
DA:30,0
DA:32,0
BRDA:32,5,0,-
BRDA:32,5,1,-
DA:33,0
DA:34,0
DA:36,0
BRDA:36,6,0,-
BRDA:36,6,1,-
DA:37,0
DA:38,0
DA:40,0
BRDA:40,7,0,-
BRDA:40,7,1,-
DA:41,0
DA:43,0
DA:44,0
DA:45,0
DA:46,0
DA:47,0
DA:48,0
DA:49,0
DA:50,0
DA:51,0
FNF:1
FNH:0
LF:32
LH:0
BRF:16
BRH:0
end_of_record
TN:
SF:src/uniswapv2/libraries/BitMath.sol
FN:7,BitMath.mostSignificantBit
FNDA:0,BitMath.mostSignificantBit
DA:8,0
BRDA:8,0,0,-
BRDA:8,0,1,-
DA:10,0
BRDA:10,1,0,-
BRDA:10,1,1,-
DA:11,0
DA:12,0
DA:14,0
BRDA:14,2,0,-
BRDA:14,2,1,-
DA:15,0
DA:16,0
DA:18,0
BRDA:18,3,0,-
BRDA:18,3,1,-
DA:19,0
DA:20,0
DA:22,0
BRDA:22,4,0,-
BRDA:22,4,1,-
DA:23,0
DA:24,0
DA:26,0
BRDA:26,5,0,-
BRDA:26,5,1,-
DA:27,0
DA:28,0
DA:30,0
BRDA:30,6,0,-
BRDA:30,6,1,-
DA:31,0
DA:32,0
DA:34,0
BRDA:34,7,0,-
BRDA:34,7,1,-
DA:35,0
DA:36,0
DA:38,0
BRDA:38,8,0,-
BRDA:38,8,1,-
FN:44,BitMath.leastSignificantBit
FNDA:0,BitMath.leastSignificantBit
DA:45,0
BRDA:45,9,0,-
BRDA:45,9,1,-
DA:47,0
DA:48,0
BRDA:48,10,0,-
BRDA:48,10,1,-
DA:49,0
DA:51,0
DA:53,0
BRDA:53,11,0,-
BRDA:53,11,1,-
DA:54,0
DA:56,0
DA:58,0
BRDA:58,12,0,-
BRDA:58,12,1,-
DA:59,0
DA:61,0
DA:63,0
BRDA:63,13,0,-
BRDA:63,13,1,-
DA:64,0
DA:66,0
DA:68,0
BRDA:68,14,0,-
BRDA:68,14,1,-
DA:69,0
DA:71,0
DA:73,0
BRDA:73,15,0,-
BRDA:73,15,1,-
DA:74,0
DA:76,0
DA:78,0
BRDA:78,16,0,-
BRDA:78,16,1,-
DA:79,0
DA:81,0
DA:83,0
BRDA:83,17,0,-
BRDA:83,17,1,-
FNF:2
FNH:0
LF:47
LH:0
BRF:36
BRH:0
end_of_record
TN:
SF:src/uniswapv2/libraries/FixedPoint.sol
FN:28,FixedPoint.encode
FNDA:0,FixedPoint.encode
DA:29,0
FN:33,FixedPoint.encode144
FNDA:0,FixedPoint.encode144
DA:34,0
FN:38,FixedPoint.decode
FNDA:0,FixedPoint.decode
DA:39,0
FN:43,FixedPoint.decode144
FNDA:0,FixedPoint.decode144
DA:44,0
FN:49,FixedPoint.mul
FNDA:0,FixedPoint.mul
DA:50,0
DA:51,0
BRDA:51,0,0,-
BRDA:51,0,1,-
DA:52,0
FN:57,FixedPoint.muli
FNDA:0,FixedPoint.muli
DA:58,0
DA:59,0
BRDA:59,1,0,-
BRDA:59,1,1,-
DA:60,0
FN:65,FixedPoint.muluq
FNDA:0,FixedPoint.muluq
DA:66,0
BRDA:66,2,0,-
BRDA:66,2,1,-
DA:67,0
DA:69,0
DA:70,0
DA:71,0
DA:72,0
DA:75,0
DA:76,0
DA:77,0
DA:78,0
DA:81,0
BRDA:81,3,0,-
BRDA:81,3,1,-
DA:84,0
DA:87,0
BRDA:87,4,0,-
BRDA:87,4,1,-
DA:92,0
FN:96,FixedPoint.divuq
FNDA:0,FixedPoint.divuq
DA:97,0
BRDA:97,5,0,-
BRDA:97,5,1,-
DA:98,0
BRDA:98,6,0,-
BRDA:98,6,1,-
DA:99,0
DA:101,0
BRDA:101,7,0,-
BRDA:101,7,1,-
DA:102,0
DA:103,0
BRDA:103,8,0,-
BRDA:103,8,1,-
DA:107,0
DA:110,0
DA:111,0
BRDA:111,9,0,-
BRDA:111,9,1,-
DA:115,0
FN:120,FixedPoint.fraction
FNDA:0,FixedPoint.fraction
DA:121,0
BRDA:121,10,0,-
BRDA:121,10,1,-
DA:122,0
BRDA:122,11,0,-
BRDA:122,11,1,-
DA:124,0
BRDA:124,12,0,-
BRDA:124,12,1,-
DA:125,0
DA:126,0
BRDA:126,13,0,-
BRDA:126,13,1,-
DA:130,0
DA:132,0
DA:133,0
BRDA:133,14,0,-
BRDA:133,14,1,-
DA:137,0
FN:144,FixedPoint.reciprocal
FNDA:0,FixedPoint.reciprocal
DA:145,0
BRDA:145,15,0,-
BRDA:145,15,1,-
DA:146,0
BRDA:146,16,0,-
BRDA:146,16,1,-
DA:147,0
FN:152,FixedPoint.sqrt
FNDA:0,FixedPoint.sqrt
DA:153,0
BRDA:153,17,0,-
BRDA:153,17,1,-
DA:154,0
DA:157,0
DA:158,0
DA:159,0
FNF:11
FNH:0
LF:51
LH:0
BRF:36
BRH:0
end_of_record
TN:
SF:src/uniswapv2/libraries/FullMathV2.sol
FN:7,FullMathV2.fullMul
FNDA:0,FullMathV2.fullMul
DA:8,0
DA:9,0
DA:10,0
DA:11,0
BRDA:11,0,0,-
BRDA:11,0,1,-
FN:14,FullMathV2.fullDiv
FNDA:0,FullMathV2.fullDiv
DA:15,0
DA:16,0
DA:17,0
DA:18,0
DA:19,0
DA:20,0
DA:21,0
DA:22,0
DA:23,0
DA:24,0
DA:25,0
DA:26,0
DA:27,0
DA:28,0
FN:31,FullMathV2.mulDiv
FNDA:0,FullMathV2.mulDiv
DA:32,0
DA:34,0
DA:35,0
BRDA:35,1,0,-
BRDA:35,1,1,-
DA:36,0
DA:38,0
BRDA:38,2,0,-
BRDA:38,2,1,-
DA:40,0
BRDA:40,3,0,-
BRDA:40,3,1,-
DA:41,0
FNF:3
FNH:0
LF:25
LH:0
BRF:8
BRH:0
end_of_record
TN:
SF:src/uniswapv2/libraries/Math.sol
FN:6,Math.min
FNDA:0,Math.min
DA:7,0
FN:11,Math.sqrt
FNDA:0,Math.sqrt
DA:12,0
BRDA:12,0,0,-
BRDA:12,0,1,-
DA:13,0
DA:14,0
DA:15,0
DA:16,0
DA:17,0
DA:19,0
BRDA:19,1,0,-
BRDA:19,1,1,-
DA:20,0
FNF:2
FNH:0
LF:9
LH:0
BRF:4
BRH:0
end_of_record
TN:
SF:src/uniswapv2/libraries/SafeMath.sol
FN:6,SafeMathUniswap.add
FNDA:0,SafeMathUniswap.add
DA:7,0
BRDA:7,0,0,-
BRDA:7,0,1,-
FN:10,SafeMathUniswap.sub
FNDA:0,SafeMathUniswap.sub
DA:11,0
BRDA:11,1,0,-
BRDA:11,1,1,-
FN:14,SafeMathUniswap.mul
FNDA:0,SafeMathUniswap.mul
DA:15,0
BRDA:15,2,0,-
BRDA:15,2,1,-
FNF:3
FNH:0
LF:3
LH:0
BRF:6
BRH:0
end_of_record
TN:
SF:src/uniswapv2/libraries/TransferHelper.sol
FN:7,TransferHelper.safeApprove
FNDA:0,TransferHelper.safeApprove
DA:9,0
DA:10,0
BRDA:10,0,0,-
BRDA:10,0,1,-
FN:13,TransferHelper.safeTransfer
FNDA:0,TransferHelper.safeTransfer
DA:15,0
DA:16,0
BRDA:16,1,0,-
BRDA:16,1,1,-
FN:19,TransferHelper.safeTransferFrom
FNDA:0,TransferHelper.safeTransferFrom
DA:21,0
DA:22,0
BRDA:22,2,0,-
BRDA:22,2,1,-
FN:25,TransferHelper.safeTransferETH
FNDA:0,TransferHelper.safeTransferETH
DA:26,0
DA:27,0
BRDA:27,3,0,-
BRDA:27,3,1,-
FNF:4
FNH:0
LF:8
LH:0
BRF:8
BRH:0
end_of_record
TN:
SF:src/uniswapv2/libraries/UQ112x112.sol
FN:12,UQ112x112.encode
FNDA:0,UQ112x112.encode
DA:13,0
FN:17,UQ112x112.uqdiv
FNDA:0,UQ112x112.uqdiv
DA:18,0
FNF:2
FNH:0
LF:2
LH:0
BRF:0
BRH:0
end_of_record
TN:
SF:src/uniswapv2/libraries/UniswapV2Library.sol
FN:12,UniswapV2Library.sortTokens
FNDA:0,UniswapV2Library.sortTokens
DA:13,0
BRDA:13,0,0,-
BRDA:13,0,1,-
DA:14,0
DA:15,0
BRDA:15,1,0,-
BRDA:15,1,1,-
FN:19,UniswapV2Library.pairFor
FNDA:0,UniswapV2Library.pairFor
DA:20,0
DA:21,0
FN:38,UniswapV2Library.getReserves
FNDA:0,UniswapV2Library.getReserves
DA:43,0
DA:44,0
DA:45,0
DA:46,0
FN:50,UniswapV2Library.quote
FNDA:0,UniswapV2Library.quote
DA:51,0
BRDA:51,2,0,-
BRDA:51,2,1,-
DA:52,0
BRDA:52,3,0,-
BRDA:52,3,1,-
DA:53,0
FN:57,UniswapV2Library.getAmountOut
FNDA:0,UniswapV2Library.getAmountOut
DA:62,0
BRDA:62,4,0,-
BRDA:62,4,1,-
DA:63,0
BRDA:63,5,0,-
BRDA:63,5,1,-
DA:64,0
DA:65,0
DA:66,0
DA:67,0
FN:71,UniswapV2Library.getAmountIn
FNDA:0,UniswapV2Library.getAmountIn
DA:76,0
BRDA:76,6,0,-
BRDA:76,6,1,-
DA:77,0
BRDA:77,7,0,-
BRDA:77,7,1,-
DA:78,0
DA:79,0
DA:80,0
FN:84,UniswapV2Library.getAmountsOut
FNDA:0,UniswapV2Library.getAmountsOut
DA:89,0
BRDA:89,8,0,-
BRDA:89,8,1,-
DA:90,0
DA:91,0
DA:92,0
DA:93,0
DA:94,0
FN:99,UniswapV2Library.getAmountsIn
FNDA:0,UniswapV2Library.getAmountsIn
DA:104,0
BRDA:104,9,0,-
BRDA:104,9,1,-
DA:105,0
DA:106,0
DA:107,0
DA:108,0
DA:109,0
FNF:8
FNH:0
LF:35
LH:0
BRF:20
BRH:0
end_of_record
TN:
SF:src/uniswapv2/libraries/UniswapV2OracleLibrary.sol
FN:11,UniswapV2OracleLibrary.currentBlockTimestamp
FNDA:0,UniswapV2OracleLibrary.currentBlockTimestamp
DA:12,0
FN:16,UniswapV2OracleLibrary.currentCumulativePrices
FNDA:0,UniswapV2OracleLibrary.currentCumulativePrices
DA:21,0
DA:22,0
DA:23,0
DA:26,0
DA:27,0
BRDA:27,0,0,-
BRDA:27,0,1,-
DA:29,0
DA:32,0
DA:34,0
FNF:2
FNH:0
LF:9
LH:0
BRF:2
BRH:0
end_of_record
TN:
SF:test/NXD.Shared.t.sol
FN:88,NXDShared.spoofBalance
FNDA:0,NXDShared.spoofBalance
DA:89,0
DA:90,0
DA:91,0
DA:92,0
FNF:1
FNH:0
LF:4
LH:0
BRF:0
BRH:0
end_of_record
